\BOOKMARK [1][-]{section.1}{\376\377\000M\000o\000t\000i\000v\000a\000t\000i\000o\000n\000\040\000o\000f\000\040\000t\000h\000e\000\040\000a\000p\000p\000l\000i\000c\000a\000t\000i\000o\000n}{}% 1
\BOOKMARK [1][-]{section.2}{\376\377\000R\000e\000v\000i\000e\000w\000\040\000a\000n\000d\000\040\000c\000r\000i\000t\000i\000c\000\040\000o\000n\000\040\000p\000a\000s\000t\000\040\000w\000o\000r\000k\000s}{}% 2
\BOOKMARK [2][-]{subsection.2.1}{\376\377\000C\000a\000s\000e\000\040\000S\000t\000u\000d\000y\000\040\0001\000:\000\040\000G\000e\000o\000g\000r\000a\000p\000h\000i\000c\000a\000l\000l\000y\000\040\000w\000e\000i\000g\000h\000t\000e\000d\000\040\000r\000e\000g\000r\000e\000s\000s\000i\000o\000n\000\040\000\050\000G\000W\000R\000\051\000\040\000a\000n\000a\000l\000y\000s\000i\000s\000\040\000o\000n\000\040\000t\000h\000e\000\040\000d\000e\000a\000t\000h\000\040\000i\000n\000c\000i\000d\000e\000n\000c\000e\000\040\000b\000y\000\040\000C\000O\000V\000I\000D\000-\0001\0009\000\040\000i\000n\000\040\000S\000\343\000o\000\040\000P\000a\000u\000l\000o\000,\000\040\000B\000r\000a\000z\000i\000l}{section.2}% 3
\BOOKMARK [3][-]{subsubsection.2.1.1}{\376\377\000O\000b\000j\000e\000c\000t\000i\000v\000e}{subsection.2.1}% 4
\BOOKMARK [3][-]{subsubsection.2.1.2}{\376\377\000M\000e\000t\000h\000o\000d\000o\000l\000o\000g\000y\000\040\000U\000s\000e\000d}{subsection.2.1}% 5
\BOOKMARK [3][-]{subsubsection.2.1.3}{\376\377\000L\000e\000a\000r\000n\000i\000n\000g\000\040\000P\000o\000i\000n\000t}{subsection.2.1}% 6
\BOOKMARK [2][-]{subsection.2.2}{\376\377\000C\000a\000s\000e\000\040\000S\000t\000u\000d\000y\000\040\0002\000:\000\040\000G\000e\000o\000g\000r\000a\000p\000h\000i\000c\000a\000l\000l\000y\000\040\000v\000a\000r\000y\000i\000n\000g\000\040\000r\000e\000l\000a\000t\000i\000o\000n\000s\000h\000i\000p\000s\000\040\000o\000f\000\040\000C\000O\000V\000I\000D\000-\0001\0009\000\040\000m\000o\000r\000t\000a\000l\000i\000t\000y\000\040\000w\000i\000t\000h\000\040\000d\000i\000f\000f\000e\000r\000e\000n\000t\000\040\000f\000a\000c\000t\000o\000r\000s\000\040\000i\000n\000\040\000I\000n\000d\000i\000a}{section.2}% 7
\BOOKMARK [3][-]{subsubsection.2.2.1}{\376\377\000O\000b\000j\000e\000c\000t\000i\000v\000e}{subsection.2.2}% 8
\BOOKMARK [3][-]{subsubsection.2.2.2}{\376\377\000M\000e\000t\000h\000o\000d\000o\000l\000o\000g\000y\000\040\000U\000s\000e\000d}{subsection.2.2}% 9
\BOOKMARK [3][-]{subsubsection.2.2.3}{\376\377\000L\000e\000a\000r\000n\000i\000n\000g\000\040\000P\000o\000i\000n\000t}{subsection.2.2}% 10
\BOOKMARK [1][-]{section.3}{\376\377\000D\000e\000s\000i\000g\000n\000\040\000f\000r\000a\000m\000e\000w\000o\000r\000k}{}% 11
\BOOKMARK [2][-]{subsection.3.1}{\376\377\000E\000D\000A}{section.3}% 12
\BOOKMARK [3][-]{subsubsection.3.1.1}{\376\377\000S\000p\000a\000t\000i\000a\000l\000\040\000P\000o\000i\000n\000t\000\040\000M\000a\000p}{subsection.3.1}% 13
\BOOKMARK [3][-]{subsubsection.3.1.2}{\376\377\000H\000i\000s\000t\000o\000g\000r\000a\000m}{subsection.3.1}% 14
\BOOKMARK [2][-]{subsection.3.2}{\376\377\000G\000W\000R}{section.3}% 15
\BOOKMARK [3][-]{subsubsection.3.2.1}{\376\377\000C\000o\000r\000r\000e\000l\000a\000t\000i\000o\000n\000\040\000P\000l\000o\000t}{subsection.3.2}% 16
\BOOKMARK [3][-]{subsubsection.3.2.2}{\376\377\000S\000u\000m\000m\000a\000r\000y}{subsection.3.2}% 17
\BOOKMARK [3][-]{subsubsection.3.2.3}{\376\377\000M\000u\000l\000t\000i\000c\000o\000l\000l\000i\000n\000e\000a\000r\000i\000t\000y}{subsection.3.2}% 18
\BOOKMARK [3][-]{subsubsection.3.2.4}{\376\377\000L\000i\000n\000e\000a\000r\000i\000t\000y}{subsection.3.2}% 19
\BOOKMARK [3][-]{subsubsection.3.2.5}{\376\377\000N\000o\000r\000m\000a\000l\000i\000t\000y}{subsection.3.2}% 20
\BOOKMARK [3][-]{subsubsection.3.2.6}{\376\377\000B\000a\000s\000e\000\040\000M\000o\000d\000e\000l\000'\000s\000\040\000P\000e\000r\000f\000o\000r\000m\000a\000n\000c\000e}{subsection.3.2}% 21
\BOOKMARK [3][-]{subsubsection.3.2.7}{\376\377\000V\000i\000s\000u\000a\000l\000i\000z\000a\000t\000i\000o\000n}{subsection.3.2}% 22
\BOOKMARK [2][-]{subsection.3.3}{\376\377\000P\000r\000e\000d\000i\000c\000t\000i\000o\000n}{section.3}% 23
\BOOKMARK [3][-]{subsubsection.3.3.1}{\376\377\000P\000r\000e\000d\000i\000c\000t\000i\000o\000n\000\040\000M\000o\000d\000e\000l\000'\000s\000\040\000P\000e\000r\000f\000o\000r\000m\000a\000n\000c\000e}{subsection.3.3}% 24
\BOOKMARK [3][-]{subsubsection.3.3.2}{\376\377\000V\000i\000s\000u\000a\000l\000i\000z\000a\000t\000i\000o\000n}{subsection.3.3}% 25
\BOOKMARK [1][-]{section.4}{\376\377\000U\000s\000e\000\040\000c\000a\000s\000e}{}% 26
\BOOKMARK [2][-]{subsection.4.1}{\376\377\000P\000O\000S\000I\000T\000I\000F\000\040\000\050\000P\000o\000s\000i\000t\000i\000v\000e\000\051\000\040\000C\000O\000V\000I\000D\000-\0001\0009\000\040\000c\000a\000s\000e\000s\000\040\000a\000g\000a\000i\000n\000s\000t\000\040\000i\000n\000d\000e\000p\000e\000n\000d\000e\000n\000t\000\040\000v\000a\000r\000i\000a\000b\000l\000e\000s}{section.4}% 27
\BOOKMARK [1][-]{section.5}{\376\377\000D\000i\000s\000c\000u\000s\000s\000i\000o\000n}{}% 28
\BOOKMARK [1][-]{section.6}{\376\377\000F\000u\000t\000u\000r\000e\000\040\000W\000o\000r\000k}{}% 29
\BOOKMARK [1][-]{section.7}{\376\377\000R\000e\000f\000e\000r\000e\000n\000c\000e\000s}{}% 30
